0 info it worked if it ends with ok
1 verbose cli [ '/usr/local/bin/node', '/usr/local/bin/npm', 'start' ]
2 info using npm@3.3.12
3 info using node@v5.4.1
4 verbose run-script [ 'prestart', 'start', 'poststart' ]
5 info lifecycle nodemailer@0.0.1~prestart: nodemailer@0.0.1
6 silly lifecycle nodemailer@0.0.1~prestart: no script for prestart, continuing
7 info lifecycle nodemailer@0.0.1~start: nodemailer@0.0.1
8 verbose lifecycle nodemailer@0.0.1~start: unsafe-perm in lifecycle true
9 verbose lifecycle nodemailer@0.0.1~start: PATH: /usr/local/lib/node_modules/npm/bin/node-gyp-bin:/home/caio/projeto_deck_builder_with_nodejs/node_modules/.bin:/usr/local/heroku/bin:/home/caio/.rvm/gems/ruby-2.2.1/bin:/home/caio/.rvm/gems/ruby-2.2.1@global/bin:/home/caio/.rvm/rubies/ruby-2.2.1/bin:/usr/local/sbin:/usr/local/bin:/usr/sbin:/usr/bin:/sbin:/bin:/usr/games:/usr/local/games:/home/caio/.rvm/bin:/home/caio/.rvm/bin
10 verbose lifecycle nodemailer@0.0.1~start: CWD: /home/caio/projeto_deck_builder_with_nodejs
11 silly lifecycle nodemailer@0.0.1~start: Args: [ '-c', 'node Server.js' ]
12 silly lifecycle nodemailer@0.0.1~start: Returned: code: 1  signal: null
13 info lifecycle nodemailer@0.0.1~start: Failed to exec start script
14 verbose stack Error: nodemailer@0.0.1 start: `node Server.js`
14 verbose stack Exit status 1
14 verbose stack     at EventEmitter.<anonymous> (/usr/local/lib/node_modules/npm/lib/utils/lifecycle.js:232:16)
14 verbose stack     at emitTwo (events.js:87:13)
14 verbose stack     at EventEmitter.emit (events.js:172:7)
14 verbose stack     at ChildProcess.<anonymous> (/usr/local/lib/node_modules/npm/lib/utils/spawn.js:24:14)
14 verbose stack     at emitTwo (events.js:87:13)
14 verbose stack     at ChildProcess.emit (events.js:172:7)
14 verbose stack     at maybeClose (internal/child_process.js:821:16)
14 verbose stack     at Process.ChildProcess._handle.onexit (internal/child_process.js:211:5)
15 verbose pkgid nodemailer@0.0.1
16 verbose cwd /home/caio/projeto_deck_builder_with_nodejs
17 error Linux 3.19.0-15-generic
18 error argv "/usr/local/bin/node" "/usr/local/bin/npm" "start"
19 error node v5.4.1
20 error npm  v3.3.12
21 error code ELIFECYCLE
22 error nodemailer@0.0.1 start: `node Server.js`
22 error Exit status 1
23 error Failed at the nodemailer@0.0.1 start script 'node Server.js'.
23 error Make sure you have the latest version of node.js and npm installed.
23 error If you do, this is most likely a problem with the nodemailer package,
23 error not with npm itself.
23 error Tell the author that this fails on your system:
23 error     node Server.js
23 error You can get their info via:
23 error     npm owner ls nodemailer
23 error There is likely additional logging output above.
24 verbose exit [ 1, true ]
